レジストレーション手法: p2p
Stanford Bunny データを読み込み中
Targetデータを保存しました: data/bunny_target.txt (点数: 35947)
Sourceデータを保存しました: data/bunny_source.txt (点数: 35947)
生データ 35947 から 3043 にダウンサンプリング完了
生データ 35947 から 3023 にダウンサンプリング完了
重心合わせによる初期化を実行中...
近傍探索開始
探索進捗: 20% 完了
探索進捗: 40% 完了
探索進捗: 60% 完了
探索進捗: 80% 完了
探索進捗: 100% 完了
イテレーション0 : RMSE= 0.0170m
近傍探索開始
探索進捗: 20% 完了
探索進捗: 40% 完了
探索進捗: 60% 完了
探索進捗: 80% 完了
探索進捗: 100% 完了
近傍探索開始
探索進捗: 20% 完了
探索進捗: 40% 完了
探索進捗: 60% 完了
探索進捗: 80% 完了
探索進捗: 100% 完了
イテレーション1 : RMSE= 0.0167m
近傍探索開始
探索進捗: 20% 完了
探索進捗: 40% 完了
探索進捗: 60% 完了
探索進捗: 80% 完了
探索進捗: 100% 完了
近傍探索開始
探索進捗: 20% 完了
探索進捗: 40% 完了
探索進捗: 60% 完了
探索進捗: 80% 完了
探索進捗: 100% 完了
イテレーション2 : RMSE= 0.0165m
近傍探索開始
探索進捗: 20% 完了
探索進捗: 40% 完了
探索進捗: 60% 完了
探索進捗: 80% 完了
探索進捗: 100% 完了
近傍探索開始
探索進捗: 20% 完了
探索進捗: 40% 完了
探索進捗: 60% 完了
探索進捗: 80% 完了
探索進捗: 100% 完了
イテレーション3 : RMSE= 0.0162m
近傍探索開始
探索進捗: 20% 完了
探索進捗: 40% 完了
探索進捗: 60% 完了
探索進捗: 80% 完了
探索進捗: 100% 完了
近傍探索開始
探索進捗: 20% 完了
探索進捗: 40% 完了
探索進捗: 60% 完了
探索進捗: 80% 完了
探索進捗: 100% 完了
イテレーション4 : RMSE= 0.0160m
近傍探索開始
探索進捗: 20% 完了
探索進捗: 40% 完了
探索進捗: 60% 完了
探索進捗: 80% 完了
探索進捗: 100% 完了
近傍探索開始
探索進捗: 20% 完了
探索進捗: 40% 完了
探索進捗: 60% 完了
探索進捗: 80% 完了
探索進捗: 100% 完了
イテレーション5 : RMSE= 0.0158m
近傍探索開始
探索進捗: 20% 完了
探索進捗: 40% 完了
探索進捗: 60% 完了
探索進捗: 80% 完了
探索進捗: 100% 完了
近傍探索開始
探索進捗: 20% 完了
探索進捗: 40% 完了
探索進捗: 60% 完了
探索進捗: 80% 完了
探索進捗: 100% 完了
イテレーション6 : RMSE= 0.0156m
近傍探索開始
探索進捗: 20% 完了
探索進捗: 40% 完了
探索進捗: 60% 完了
探索進捗: 80% 完了
探索進捗: 100% 完了
近傍探索開始
探索進捗: 20% 完了
探索進捗: 40% 完了
探索進捗: 60% 完了
探索進捗: 80% 完了
探索進捗: 100% 完了
イテレーション7 : RMSE= 0.0154m
近傍探索開始
探索進捗: 20% 完了
探索進捗: 40% 完了
探索進捗: 60% 完了
探索進捗: 80% 完了
探索進捗: 100% 完了
近傍探索開始
探索進捗: 20% 完了
探索進捗: 40% 完了
探索進捗: 60% 完了
探索進捗: 80% 完了
探索進捗: 100% 完了
イテレーション8 : RMSE= 0.0153m
近傍探索開始
探索進捗: 20% 完了
探索進捗: 40% 完了
探索進捗: 60% 完了
探索進捗: 80% 完了
探索進捗: 100% 完了
近傍探索開始
探索進捗: 20% 完了
探索進捗: 40% 完了
探索進捗: 60% 完了
探索進捗: 80% 完了
探索進捗: 100% 完了
イテレーション9 : RMSE= 0.0151m
近傍探索開始
探索進捗: 20% 完了
探索進捗: 40% 完了
探索進捗: 60% 完了
探索進捗: 80% 完了
探索進捗: 100% 完了
近傍探索開始
探索進捗: 20% 完了
探索進捗: 40% 完了
探索進捗: 60% 完了
探索進捗: 80% 完了
探索進捗: 100% 完了
イテレーション10 : RMSE= 0.0150m
近傍探索開始
探索進捗: 20% 完了
探索進捗: 40% 完了
探索進捗: 60% 完了
探索進捗: 80% 完了
探索進捗: 100% 完了
近傍探索開始
探索進捗: 20% 完了
探索進捗: 40% 完了
探索進捗: 60% 完了
探索進捗: 80% 完了
探索進捗: 100% 完了
イテレーション11 : RMSE= 0.0148m
近傍探索開始
探索進捗: 20% 完了
探索進捗: 40% 完了
探索進捗: 60% 完了
探索進捗: 80% 完了
探索進捗: 100% 完了
近傍探索開始
探索進捗: 20% 完了
探索進捗: 40% 完了
探索進捗: 60% 完了
探索進捗: 80% 完了
探索進捗: 100% 完了
イテレーション12 : RMSE= 0.0147m
近傍探索開始
探索進捗: 20% 完了
探索進捗: 40% 完了
探索進捗: 60% 完了
探索進捗: 80% 完了
探索進捗: 100% 完了
近傍探索開始
探索進捗: 20% 完了
探索進捗: 40% 完了
探索進捗: 60% 完了
探索進捗: 80% 完了
探索進捗: 100% 完了
イテレーション13 : RMSE= 0.0146m
近傍探索開始
探索進捗: 20% 完了
探索進捗: 40% 完了
探索進捗: 60% 完了
探索進捗: 80% 完了
探索進捗: 100% 完了
近傍探索開始
探索進捗: 20% 完了
探索進捗: 40% 完了
探索進捗: 60% 完了
探索進捗: 80% 完了
探索進捗: 100% 完了
イテレーション14 : RMSE= 0.0145m
近傍探索開始
探索進捗: 20% 完了
探索進捗: 40% 完了
探索進捗: 60% 完了
探索進捗: 80% 完了
探索進捗: 100% 完了
近傍探索開始
探索進捗: 20% 完了
探索進捗: 40% 完了
探索進捗: 60% 完了
探索進捗: 80% 完了
探索進捗: 100% 完了
イテレーション15 : RMSE= 0.0144m
近傍探索開始
探索進捗: 20% 完了
探索進捗: 40% 完了
探索進捗: 60% 完了
探索進捗: 80% 完了
探索進捗: 100% 完了
近傍探索開始
探索進捗: 20% 完了
探索進捗: 40% 完了
探索進捗: 60% 完了
探索進捗: 80% 完了
探索進捗: 100% 完了
イテレーション16 : RMSE= 0.0142m
近傍探索開始
探索進捗: 20% 完了
探索進捗: 40% 完了
探索進捗: 60% 完了
探索進捗: 80% 完了
探索進捗: 100% 完了
近傍探索開始
探索進捗: 20% 完了
探索進捗: 40% 完了
探索進捗: 60% 完了
探索進捗: 80% 完了
探索進捗: 100% 完了
イテレーション17 : RMSE= 0.0141m
近傍探索開始
探索進捗: 20% 完了
探索進捗: 40% 完了
探索進捗: 60% 完了
探索進捗: 80% 完了
探索進捗: 100% 完了
近傍探索開始
探索進捗: 20% 完了
探索進捗: 40% 完了
探索進捗: 60% 完了
探索進捗: 80% 完了
探索進捗: 100% 完了
イテレーション18 : RMSE= 0.0140m
近傍探索開始
探索進捗: 20% 完了
探索進捗: 40% 完了
探索進捗: 60% 完了
探索進捗: 80% 完了
探索進捗: 100% 完了
近傍探索開始
探索進捗: 20% 完了
探索進捗: 40% 完了
探索進捗: 60% 完了
探索進捗: 80% 完了
探索進捗: 100% 完了
イテレーション19 : RMSE= 0.0139m
近傍探索開始
探索進捗: 20% 完了
探索進捗: 40% 完了
探索進捗: 60% 完了
探索進捗: 80% 完了
探索進捗: 100% 完了
近傍探索開始
探索進捗: 20% 完了
探索進捗: 40% 完了
探索進捗: 60% 完了
探索進捗: 80% 完了
探索進捗: 100% 完了
イテレーション20 : RMSE= 0.0138m
近傍探索開始
探索進捗: 20% 完了
探索進捗: 40% 完了
探索進捗: 60% 完了
探索進捗: 80% 完了
探索進捗: 100% 完了
近傍探索開始
探索進捗: 20% 完了
探索進捗: 40% 完了
探索進捗: 60% 完了
探索進捗: 80% 完了
探索進捗: 100% 完了
イテレーション21 : RMSE= 0.0137m
近傍探索開始
探索進捗: 20% 完了
探索進捗: 40% 完了
探索進捗: 60% 完了
探索進捗: 80% 完了
探索進捗: 100% 完了
近傍探索開始
探索進捗: 20% 完了
探索進捗: 40% 完了
探索進捗: 60% 完了
探索進捗: 80% 完了
探索進捗: 100% 完了
イテレーション22 : RMSE= 0.0136m
近傍探索開始
探索進捗: 20% 完了
探索進捗: 40% 完了
探索進捗: 60% 完了
探索進捗: 80% 完了
探索進捗: 100% 完了
近傍探索開始
探索進捗: 20% 完了
探索進捗: 40% 完了
探索進捗: 60% 完了
探索進捗: 80% 完了
探索進捗: 100% 完了
イテレーション23 : RMSE= 0.0136m
近傍探索開始
探索進捗: 20% 完了
探索進捗: 40% 完了
探索進捗: 60% 完了
探索進捗: 80% 完了
探索進捗: 100% 完了
近傍探索開始
探索進捗: 20% 完了
探索進捗: 40% 完了
探索進捗: 60% 完了
探索進捗: 80% 完了
探索進捗: 100% 完了
イテレーション24 : RMSE= 0.0135m
近傍探索開始
探索進捗: 20% 完了
探索進捗: 40% 完了
探索進捗: 60% 完了
探索進捗: 80% 完了
探索進捗: 100% 完了
近傍探索開始
探索進捗: 20% 完了
探索進捗: 40% 完了
探索進捗: 60% 完了
探索進捗: 80% 完了
探索進捗: 100% 完了
イテレーション25 : RMSE= 0.0135m
近傍探索開始
探索進捗: 20% 完了
探索進捗: 40% 完了
探索進捗: 60% 完了
探索進捗: 80% 完了
探索進捗: 100% 完了
近傍探索開始
探索進捗: 20% 完了
探索進捗: 40% 完了
探索進捗: 60% 完了
探索進捗: 80% 完了
探索進捗: 100% 完了
イテレーション26 : RMSE= 0.0134m
近傍探索開始
探索進捗: 20% 完了
探索進捗: 40% 完了
探索進捗: 60% 完了
探索進捗: 80% 完了
探索進捗: 100% 完了
近傍探索開始
探索進捗: 20% 完了
探索進捗: 40% 完了
探索進捗: 60% 完了
探索進捗: 80% 完了
探索進捗: 100% 完了
イテレーション27 : RMSE= 0.0134m
近傍探索開始
探索進捗: 20% 完了
探索進捗: 40% 完了
探索進捗: 60% 完了
探索進捗: 80% 完了
探索進捗: 100% 完了
近傍探索開始
探索進捗: 20% 完了
探索進捗: 40% 完了
探索進捗: 60% 完了
探索進捗: 80% 完了
探索進捗: 100% 完了
イテレーション28 : RMSE= 0.0134m
近傍探索開始
探索進捗: 20% 完了
探索進捗: 40% 完了
探索進捗: 60% 完了
探索進捗: 80% 完了
探索進捗: 100% 完了
近傍探索開始
探索進捗: 20% 完了
探索進捗: 40% 完了
探索進捗: 60% 完了
探索進捗: 80% 完了
探索進捗: 100% 完了
イテレーション29 : RMSE= 0.0134m
近傍探索開始
探索進捗: 20% 完了
探索進捗: 40% 完了
探索進捗: 60% 完了
探索進捗: 80% 完了
探索進捗: 100% 完了
近傍探索開始
探索進捗: 20% 完了
探索進捗: 40% 完了
探索進捗: 60% 完了
探索進捗: 80% 完了
探索進捗: 100% 完了
イテレーション30 : RMSE= 0.0134m
ICPの収束グラフを保存しました: result/icp_Convergence_p2p.png
final_rmse: 0.0134m
位置合わせ結果の画像を保存しました: result/registration_p2p.png
ICPの履歴をCSVに保存しました: result/RMSE_p2p.csv
